INFO [2025-11-10 21:56:21] Starting dashboard feature commit workflow
INFO [2025-11-10 21:56:21] Creating branch: feature/shiny-dashboard
INFO [2025-11-10 21:56:21] Current branch: main
INFO [2025-11-10 21:56:21] Created new branch: feature/shiny-dashboard
INFO [2025-11-10 21:56:21] Staging files
INFO [2025-11-10 21:56:21] Staged 12 files
INFO [2025-11-10 21:56:21] Files changed: 26
INFO [2025-11-10 21:56:21] Committed: 06acf01b24247d346beb72a98de1a27cf03d27a6
INFO [2025-11-10 21:56:21] Pushing to remote...
INFO [2025-11-10 21:56:22] Pushed to remote
INFO [2025-11-10 21:56:22] Creating pull request...
INFO [2025-11-10 21:56:23] Created PR #18: https://github.com/JohnGavin/randomwalk/pull/18
INFO [2025-11-10 21:56:23] Waiting for GitHub Actions to start...
INFO [2025-11-10 21:56:38] Monitoring GitHub Actions...
INFO [2025-11-10 21:56:39] Waiting 30 seconds before next check...
INFO [2025-11-10 21:57:09] Waiting 30 seconds before next check...
INFO [2025-11-10 21:57:39] Waiting 30 seconds before next check...
INFO [2025-11-10 21:58:09] Waiting 30 seconds before next check...
INFO [2025-11-10 21:58:39] Waiting 30 seconds before next check...
INFO [2025-11-10 21:59:09] Waiting 30 seconds before next check...
INFO [2025-11-10 21:59:40] Waiting 30 seconds before next check...
INFO [2025-11-10 22:00:10] Waiting 30 seconds before next check...
INFO [2025-11-10 22:00:40] Waiting 30 seconds before next check...
INFO [2025-11-10 22:01:10] Waiting 30 seconds before next check...
INFO [2025-11-10 22:01:41] Waiting 30 seconds before next check...
INFO [2025-11-10 22:02:11] Waiting 30 seconds before next check...
INFO [2025-11-10 22:02:41] Waiting 30 seconds before next check...
INFO [2025-11-10 22:03:11] Waiting 30 seconds before next check...
INFO [2025-11-10 22:03:42] Waiting 30 seconds before next check...
INFO [2025-11-10 22:04:12] Waiting 30 seconds before next check...
ERROR [2025-11-10 22:04:42] Some workflows failed!
